<?xml version="1.0" encoding="UTF-8"?>
<testng-results ignored="0" total="1" passed="1" failed="0" skipped="0">
  <reporter-output>
  </reporter-output>
  <suite started-at="2026-01-29T19:02:33 IST" name="Default suite" finished-at="2026-01-29T19:03:22 IST" duration-ms="49677">
    <groups>
    </groups>
    <test started-at="2026-01-29T19:02:33 IST" name="Default test" finished-at="2026-01-29T19:03:22 IST" duration-ms="49677">
      <class name="tests.LoginTestCases">
        <test-method is-config="true" signature="openBrowser()[pri:0, instance:tests.LoginTestCases@4802796d]" started-at="2026-01-29T19:02:33 IST" name="openBrowser" finished-at="2026-01-29T19:03:22 IST" duration-ms="49143" status="PASS">
          <reporter-output>
          </reporter-output>
        </test-method> <!-- openBrowser -->
        <test-method signature="verifyValidLogin()[pri:0, instance:tests.LoginTestCases@4802796d]" started-at="2026-01-29T19:03:22 IST" name="verifyValidLogin" finished-at="2026-01-29T19:03:22 IST" duration-ms="490" status="PASS">
          <reporter-output>
          </reporter-output>
        </test-method> <!-- verifyValidLogin -->
      </class> <!-- tests.LoginTestCases -->
    </test> <!-- Default test -->
  </suite> <!-- Default suite -->
</testng-results>
