<?xml version="1.0" encoding="UTF-8"?>
<testng-results ignored="0" total="1" passed="1" failed="0" skipped="0">
  <reporter-output>
  </reporter-output>
  <suite started-at="2026-02-03T18:24:07 IST" name="Default suite" finished-at="2026-02-03T18:24:22 IST" duration-ms="15537">
    <groups>
    </groups>
    <test started-at="2026-02-03T18:24:07 IST" name="Default test" finished-at="2026-02-03T18:24:22 IST" duration-ms="15537">
      <class name="tests.AssignCctest">
        <test-method is-config="true" signature="openBrowser()[pri:0, instance:tests.AssignCctest@13c9d689]" started-at="2026-02-03T18:24:07 IST" name="openBrowser" finished-at="2026-02-03T18:24:14 IST" duration-ms="7442" status="PASS">
          <reporter-output>
          </reporter-output>
        </test-method> <!-- openBrowser -->
        <test-method signature="verifyAssignCoordinator()[pri:0, instance:tests.AssignCctest@13c9d689]" started-at="2026-02-03T18:24:14 IST" name="verifyAssignCoordinator" finished-at="2026-02-03T18:24:16 IST" duration-ms="1877" status="PASS">
          <reporter-output>
          </reporter-output>
        </test-method> <!-- verifyAssignCoordinator -->
        <test-method is-config="true" signature="closeBrowser()[pri:0, instance:tests.AssignCctest@13c9d689]" started-at="2026-02-03T18:24:16 IST" name="closeBrowser" finished-at="2026-02-03T18:24:22 IST" duration-ms="6171" status="PASS">
          <reporter-output>
          </reporter-output>
        </test-method> <!-- closeBrowser -->
      </class> <!-- tests.AssignCctest -->
    </test> <!-- Default test -->
  </suite> <!-- Default suite -->
</testng-results>
