<html>
<head>
<title>TestNG:  Regression Tests</title>
<link href="../testng.css" rel="stylesheet" type="text/css" />
<link href="../my-testng.css" rel="stylesheet" type="text/css" />

<style type="text/css">
.log { display: none;} 
.stack-trace { display: none;} 
</style>
<script type="text/javascript">
<!--
function flip(e) {
  current = e.style.display;
  if (current == 'block') {
    e.style.display = 'none';
    return 0;
  }
  else {
    e.style.display = 'block';
    return 1;
  }
}

function toggleBox(szDivId, elem, msg1, msg2)
{
  var res = -1;  if (document.getElementById) {
    res = flip(document.getElementById(szDivId));
  }
  else if (document.all) {
    // this is the way old msie versions work
    res = flip(document.all[szDivId]);
  }
  if(elem) {
    if(res == 0) elem.innerHTML = msg1; else elem.innerHTML = msg2;
  }

}

function toggleAllBoxes() {
  if (document.getElementsByTagName) {
    d = document.getElementsByTagName('div');
    for (i = 0; i < d.length; i++) {
      if (d[i].className == 'log') {
        flip(d[i]);
      }
    }
  }
}

// -->
</script>

</head>
<body>
<h2 align='center'>Regression Tests</h2><table border='1' align="center">
<tr>
<td>Tests passed/Failed/Skipped:</td><td>9/1/0</td>
</tr><tr>
<td>Started on:</td><td>Mon Feb 02 19:04:48 IST 2026</td>
</tr>
<tr><td>Total time:</td><td>260 seconds (260919 ms)</td>
</tr><tr>
<td>Included groups:</td><td></td>
</tr><tr>
<td>Excluded groups:</td><td></td>
</tr>
</table><p/>
<small><i>(Hover the method name to see the test class name)</i></small><p/>
<table width='100%' border='1' class='invocation-failed'>
<tr><td colspan='4' align='center'><b>FAILED TESTS</b></td></tr>
<tr><td><b>Test method</b></td>
<td><b>Attribute(s)</b></td>
<td width="30%"><b>Exception</b></td>
<td width="10%"><b>Time (seconds)</b></td>
<td><b>Instance</b></td>
</tr>
<tr>
<td title='tests.LoginTestCases.verifyLogin()'><b>verifyLogin</b><br>Test class: tests.LoginTestCases</td>
<td><div><pre>org.testng.internal.reflect.MethodMatcherException: 
[public void tests.LoginTestCases.verifyLogin(java.lang.String,java.lang.String)] has no parameters defined but was found to be using a data provider (either explicitly specified or inherited from class level annotation).
Data provider mismatch
Method: verifyLogin([java.lang.String arg0, java.lang.String arg1])
Arguments: [(java.lang.String) ]
	at java.base/java.util.ArrayList.forEach(ArrayList.java:1596)
... Removed 22 stack frames</pre></div><a href='#' onClick='toggleBox("stack-trace1716551994", this, "Click to show all stack frames", "Click to hide stack frames")'>Click to show all stack frames</a>
<div class='stack-trace' id='stack-trace1716551994'><pre>org.testng.internal.reflect.MethodMatcherException: 
[public void tests.LoginTestCases.verifyLogin(java.lang.String,java.lang.String)] has no parameters defined but was found to be using a data provider (either explicitly specified or inherited from class level annotation).
Data provider mismatch
Method: verifyLogin([java.lang.String arg0, java.lang.String arg1])
Arguments: [(java.lang.String) ]
	at org.testng.internal.reflect.DataProviderMethodMatcher.getConformingArguments(DataProviderMethodMatcher.java:46)
	at org.testng.internal.Parameters.injectParameters(Parameters.java:915)
	at org.testng.internal.invokers.MethodRunner.runInSequence(MethodRunner.java:50)
	at org.testng.internal.invokers.TestInvoker$MethodInvocationAgent.invoke(TestInvoker.java:995)
	at org.testng.internal.invokers.TestInvoker.invokeTestMethods(TestInvoker.java:203)
	at org.testng.internal.invokers.TestMethodWorker.invokeTestMethods(TestMethodWorker.java:154)
	at org.testng.internal.invokers.TestMethodWorker.run(TestMethodWorker.java:134)
	at java.base/java.util.ArrayList.forEach(ArrayList.java:1596)
	at org.testng.TestRunner.privateRun(TestRunner.java:741)
	at org.testng.TestRunner.run(TestRunner.java:616)
	at org.testng.SuiteRunner.runTest(SuiteRunner.java:421)
	at org.testng.SuiteRunner.runSequentially(SuiteRunner.java:413)
	at org.testng.SuiteRunner.privateRun(SuiteRunner.java:373)
	at org.testng.SuiteRunner.run(SuiteRunner.java:312)
	at org.testng.SuiteRunnerWorker.runSuite(SuiteRunnerWorker.java:52)
	at org.testng.SuiteRunnerWorker.run(SuiteRunnerWorker.java:95)
	at org.testng.TestNG.runSuitesSequentially(TestNG.java:1274)
	at org.testng.TestNG.runSuitesLocally(TestNG.java:1208)
	at org.testng.TestNG.runSuites(TestNG.java:1112)
	at org.testng.TestNG.run(TestNG.java:1079)
	at org.testng.remote.AbstractRemoteTestNG.run(AbstractRemoteTestNG.java:115)
	at org.testng.remote.RemoteTestNG.initAndRun(RemoteTestNG.java:293)
	at org.testng.remote.RemoteTestNG.main(RemoteTestNG.java:91)
</pre></div></td>
<td>33</td>
<td>tests.LoginTestCases@461ad730</td></tr>
</table><p>
<table width='100%' border='1' class='invocation-passed'>
<tr><td colspan='4' align='center'><b>PASSED TESTS</b></td></tr>
<tr><td><b>Test method</b></td>
<td><b>Attribute(s)</b></td>
<td width="30%"><b>Exception</b></td>
<td width="10%"><b>Time (seconds)</b></td>
<td><b>Instance</b></td>
</tr>
<tr>
<td title='tests.AddCourseCtests.verifyAddCoordinator()'><b>verifyAddCoordinator</b><br>Test class: tests.AddCourseCtests</td>
<td></td>
<td>9</td>
<td>tests.AddCourseCtests@3f1d2e23</td></tr>
<tr>
<td title='tests.LoginTestCases.verifyLogin()'><b>verifyLogin</b><br>Test class: tests.LoginTestCases<br>Parameters: 401, OFSCHead#12345</td>
<td></td>
<td>0</td>
<td>tests.LoginTestCases@461ad730</td></tr>
<tr>
<td title='tests.ViewCoursePlanTest.verifyCoursePlan()'><b>verifyCoursePlan</b><br>Test class: tests.ViewCoursePlanTest</td>
<td></td>
<td>1</td>
<td>tests.ViewCoursePlanTest@776a6d9b</td></tr>
<tr>
<td title='tests.CenterwiseFeedbackdetailsTest.verifyCenterwiseFeedbackDetails()'><b>verifyCenterwiseFeedbackDetails</b><br>Test class: tests.CenterwiseFeedbackdetailsTest</td>
<td></td>
<td>0</td>
<td>tests.CenterwiseFeedbackdetailsTest@21d03963</td></tr>
<tr>
<td title='tests.CourseWiseSSItest.verifyCourseWiseSSIReport()'><b>verifyCourseWiseSSIReport</b><br>Test class: tests.CourseWiseSSItest</td>
<td></td>
<td>8</td>
<td>tests.CourseWiseSSItest@1f760b47</td></tr>
<tr>
<td title='tests.LoginTestCases.verifyLogin()'><b>verifyLogin</b><br>Test class: tests.LoginTestCases<br>Parameters: 402, WrongPass123</td>
<td></td>
<td>5</td>
<td>tests.LoginTestCases@461ad730</td></tr>
<tr>
<td title='tests.AssignCctest.verifyAssignCoordinator()'><b>verifyAssignCoordinator</b><br>Test class: tests.AssignCctest</td>
<td></td>
<td>1</td>
<td>tests.AssignCctest@536dbea0</td></tr>
<tr>
<td title='tests.LogoutTest.verifyLogout()'><b>verifyLogout</b><br>Test class: tests.LogoutTest</td>
<td></td>
<td>1</td>
<td>tests.LogoutTest@18ece7f4</td></tr>
<tr>
<td title='tests.ViewCCtests.verifyViewCCoordinator()'><b>verifyViewCCoordinator</b><br>Test class: tests.ViewCCtests</td>
<td></td>
<td>0</td>
<td>tests.ViewCCtests@47c81abf</td></tr>
</table><p>
</body>
</html>