<?xml version="1.0" encoding="UTF-8"?>
<!-- Generated by org.testng.reporters.JUnitXMLReporter -->
<testsuite ignored="0" hostname="CCST4" failures="1" tests="10" name="Regression Tests" time="260.919" errors="0" timestamp="2026-02-02T19:09:09 IST">
  <testcase classname="tests.LoginTestCases" name="verifyLogin" time="0.719"/>
  <testcase classname="tests.LoginTestCases" name="verifyLogin" time="5.266"/>
  <testcase classname="tests.LoginTestCases" name="verifyLogin" time="33.453">
    <failure type="org.testng.internal.reflect.MethodMatcherException" message="
[public void tests.LoginTestCases.verifyLogin(java.lang.String,java.lang.String)] has no parameters defined but was found to be using a data provider (either explicitly specified or inherited from class level annotation).
Data provider mismatch
Method: verifyLogin([java.lang.String arg0, java.lang.String arg1])
Arguments: [(java.lang.String) ]">
      <![CDATA[org.testng.internal.reflect.MethodMatcherException: 
[public void tests.LoginTestCases.verifyLogin(java.lang.String,java.lang.String)] has no parameters defined but was found to be using a data provider (either explicitly specified or inherited from class level annotation).
Data provider mismatch
Method: verifyLogin([java.lang.String arg0, java.lang.String arg1])
Arguments: [(java.lang.String) ]
at java.base/java.util.ArrayList.forEach(ArrayList.java:1596)
... Removed 22 stack frames]]>
    </failure>
  </testcase> <!-- verifyLogin -->
  <testcase classname="tests.AddCourseCtests" name="verifyAddCoordinator" time="9.407"/>
  <testcase classname="tests.AssignCctest" name="verifyAssignCoordinator" time="1.243"/>
  <testcase classname="tests.ViewCCtests" name="verifyViewCCoordinator" time="0.671"/>
  <testcase classname="tests.ViewCoursePlanTest" name="verifyCoursePlan" time="1.064"/>
  <testcase classname="tests.CenterwiseFeedbackdetailsTest" name="verifyCenterwiseFeedbackDetails" time="0.846"/>
  <testcase classname="tests.CourseWiseSSItest" name="verifyCourseWiseSSIReport" time="8.022"/>
  <testcase classname="tests.LogoutTest" name="verifyLogout" time="1.075"/>
</testsuite> <!-- Regression Tests -->
