<?xml version="1.0" encoding="UTF-8"?>
<!-- Generated by org.testng.reporters.JUnitXMLReporter -->
<testsuite ignored="0" hostname="CCST4" failures="1" tests="10" name="Regression Tests" time="255.932" errors="0" timestamp="2026-02-03T15:00:31 IST">
  <testcase classname="tests.LoginTestCases" name="verifyLogin" time="0.403"/>
  <testcase classname="tests.LoginTestCases" name="verifyLogin" time="5.312"/>
  <testcase classname="tests.LoginTestCases" name="verifyLogin" time="58.514">
    <failure type="org.testng.internal.reflect.MethodMatcherException" message="
[public void tests.LoginTestCases.verifyLogin(java.lang.String,java.lang.String)] has no parameters defined but was found to be using a data provider (either explicitly specified or inherited from class level annotation).
Data provider mismatch
Method: verifyLogin([java.lang.String arg0, java.lang.String arg1])
Arguments: [(java.lang.String) ]">
      <![CDATA[org.testng.internal.reflect.MethodMatcherException: 
[public void tests.LoginTestCases.verifyLogin(java.lang.String,java.lang.String)] has no parameters defined but was found to be using a data provider (either explicitly specified or inherited from class level annotation).
Data provider mismatch
Method: verifyLogin([java.lang.String arg0, java.lang.String arg1])
Arguments: [(java.lang.String) ]
at java.base/java.util.ArrayList.forEach(ArrayList.java:1596)
... Removed 22 stack frames]]>
    </failure>
  </testcase> <!-- verifyLogin -->
  <testcase classname="tests.AddCourseCtests" name="verifyAddCoordinator" time="9.125"/>
  <testcase classname="tests.AssignCctest" name="verifyAssignCoordinator" time="1.746"/>
  <testcase classname="tests.ViewCCtests" name="verifyViewCCoordinator" time="0.799"/>
  <testcase classname="tests.ViewCoursePlanTest" name="verifyCoursePlan" time="1.824"/>
  <testcase classname="tests.CenterwiseFeedbackdetailsTest" name="verifyCenterwiseFeedbackDetails" time="1.253"/>
  <testcase classname="tests.CourseWiseSSItest" name="verifyCourseWiseSSIReport" time="11.279"/>
  <testcase classname="tests.LogoutTest" name="verifyLogout" time="0.786"/>
</testsuite> <!-- Regression Tests -->
